Determining if the pthread_create exist failed with the following output:
Change Dir: /home/guillaume/cpp_work_space/http_video_server/build-simple_http_streamer-Desktop-Default/CMakeFiles/CMakeTmp

Run Build Command:"/home/guillaume/ninja/ninja" "cmTC_55685"
[1/2] Building C object CMakeFiles/cmTC_55685.dir/CheckSymbolExists.c.o
[2/2] Linking C executable cmTC_55685
FAILED: : && /usr/bin/cc     CMakeFiles/cmTC_55685.dir/CheckSymbolExists.c.o  -o cmTC_55685  -rdynamic && :
CMakeFiles/cmTC_55685.dir/CheckSymbolExists.c.o: In function `main':
CheckSymbolExists.c:(.text+0x16): undefined reference to `pthread_create'
collect2: error: ld returned 1 exit status
ninja: build stopped: subcommand failed.

File /home/guillaume/cpp_work_space/http_video_server/build-simple_http_streamer-Desktop-Default/CMakeFiles/CMakeTmp/CheckSymbolExists.c:
/* */
#include <pthread.h>

int main(int argc, char** argv)
{
  (void)argv;
#ifndef pthread_create
  return ((int*)(&pthread_create))[argc];
#else
  (void)argc;
  return 0;
#endif
}

Determining if the function pthread_create exists in the pthreads failed with the following output:
Change Dir: /home/guillaume/cpp_work_space/http_video_server/build-simple_http_streamer-Desktop-Default/CMakeFiles/CMakeTmp

Run Build Command:"/home/guillaume/ninja/ninja" "cmTC_ec519"
[1/2] Building C object CMakeFiles/cmTC_ec519.dir/CheckFunctionExists.c.o
[2/2] Linking C executable cmTC_ec519
FAILED: : && /usr/bin/cc  -DCHECK_FUNCTION_EXISTS=pthread_create   CMakeFiles/cmTC_ec519.dir/CheckFunctionExists.c.o  -o cmTC_ec519  -rdynamic -lpthreads && :
/usr/bin/ld: cannot find -lpthreads
collect2: error: ld returned 1 exit status
ninja: build stopped: subcommand failed.


